2025-10-19 02:16:08, MOVE, v:1, k:poo@chinela, mode:PICK
2025-10-19 02:16:09, EXEC, v:1, k:poo@chinela, mode:LOCK, rate:0, size:9
2025-10-19 02:16:09, EXEC, v:1, k:poo@chinela, mode:LOCK, rate:0, size:9
2025-10-19 02:23:23, EXEC, v:1, k:poo@chinela, mode:LOCK, rate:0, size:10
2025-10-19 02:29:02, EXEC, v:1, k:poo@chinela, mode:LOCK, rate:0, size:10
2025-10-19 02:32:05, EXEC, v:1, k:poo@chinela, mode:LOCK, rate:100, size:11
2025-10-19 02:32:05, EXEC, v:1, k:poo@chinela, mode:LOCK, rate:100, size:11
2025-10-19 02:45:38, EXEC, v:1, k:poo@chinela, mode:LOCK, rate:100, size:19
2025-10-19 02:45:38, EXEC, v:1, k:poo@chinela, mode:LOCK, rate:100, size:19
2025-10-19 02:45:40, EXEC, v:1, k:poo@chinela, mode:LOCK, rate:100, size:19
2025-10-19 02:45:40, EXEC, v:1, k:poo@chinela, mode:LOCK, rate:100, size:19
2025-10-19 02:45:41, EXEC, v:1, k:poo@chinela, mode:LOCK, rate:100, size:19
2025-10-19 02:45:47, MOVE, v:1, k:poo@chinela, mode:BACK
2025-10-19 02:54:49, MOVE, v:1, k:poo@chinela, mode:PICK
2025-10-19 02:54:49, EXEC, v:1, k:poo@chinela, mode:LOCK, rate:100
2025-10-19 02:54:50, EXEC, v:1, k:poo@chinela, mode:LOCK, rate:100
2025-10-19 03:05:40, EXEC, v:1, k:poo@chinela, mode:LOCK, rate:0, size:25
2025-10-19 03:05:42, EXEC, v:1, k:poo@chinela, mode:LOCK, rate:0
2025-10-19 03:06:42, EXEC, v:1, k:poo@chinela, mode:LOCK, rate:0, size:27
2025-10-19 03:06:43, EXEC, v:1, k:poo@chinela, mode:LOCK, rate:0
2025-10-19 03:07:15, EXEC, v:1, k:poo@chinela, mode:LOCK, rate:0, size:29
2025-10-19 03:07:16, EXEC, v:1, k:poo@chinela, mode:LOCK, rate:0
2025-10-19 03:07:16, EXEC, v:1, k:poo@chinela, mode:LOCK, rate:0
2025-10-19 03:07:17, EXEC, v:1, k:poo@chinela, mode:LOCK, rate:0
2025-10-19 03:07:17, EXEC, v:1, k:poo@chinela, mode:LOCK, rate:0
2025-10-19 03:07:17, EXEC, v:1, k:poo@chinela, mode:LOCK, rate:0
2025-10-19 03:11:32, EXEC, v:1, k:poo@chinela, mode:LOCK, rate:0, size:29
2025-10-19 03:11:33, EXEC, v:1, k:poo@chinela, mode:LOCK, rate:0, size:30
2025-10-19 03:13:57, MOVE, v:1, k:poo@chinela, mode:BACK
2025-10-19 03:14:02, MOVE, v:1, k:poo@camisa, mode:DOWN
2025-10-19 03:14:03, MOVE, v:1, k:poo@camisa, mode:PICK
2025-10-19 03:14:04, EXEC, v:1, k:poo@camisa, mode:LOCK, rate:100, size:0
2025-10-19 03:14:24, EXEC, v:1, k:poo@camisa, mode:LOCK, rate:100
2025-10-19 03:14:25, EXEC, v:1, k:poo@camisa, mode:LOCK, rate:100
2025-10-19 03:28:16, EXEC, v:1, k:poo@camisa, mode:LOCK, rate:0, size:1
2025-10-19 03:31:13, EXEC, v:1, k:poo@camisa, mode:LOCK, rate:100, size:3
2025-10-19 03:31:14, EXEC, v:1, k:poo@camisa, mode:LOCK, rate:100
2025-10-19 03:32:02, EXEC, v:1, k:poo@camisa, mode:LOCK, rate:100, size:6
2025-10-19 03:32:03, EXEC, v:1, k:poo@camisa, mode:LOCK, rate:100
2025-10-19 03:32:04, EXEC, v:1, k:poo@camisa, mode:LOCK, rate:100
2025-10-19 03:43:08, EXEC, v:1, k:poo@camisa, mode:LOCK, rate:100, size:14
2025-10-19 03:43:09, EXEC, v:1, k:poo@camisa, mode:LOCK, rate:100, size:14
2025-10-19 03:43:09, EXEC, v:1, k:poo@camisa, mode:LOCK, rate:100, size:14
2025-10-19 03:43:09, EXEC, v:1, k:poo@camisa, mode:LOCK, rate:100, size:14
2025-10-19 03:43:10, EXEC, v:1, k:poo@camisa, mode:LOCK, rate:100
2025-10-19 03:43:17, MOVE, v:1, k:poo@camisa, mode:BACK
2025-10-19 03:43:23, MOVE, v:1, k:poo@camisa, mode:PICK
2025-10-19 03:43:24, EXEC, v:1, k:poo@camisa, mode:LOCK, rate:100
2025-10-19 03:45:15, EXEC, v:1, k:poo@camisa, mode:LOCK, rate:100
2025-10-19 04:04:50, EXEC, v:1, k:poo@camisa, mode:LOCK, rate:100, size:14
2025-10-19 04:04:50, EXEC, v:1, k:poo@camisa, mode:LOCK, rate:100, size:14
2025-10-19 04:04:51, MOVE, v:1, k:poo@camisa, mode:BACK
2025-10-19 04:05:40, SELF, v:1, k:poo@chinela, rate:100, human:sim, iagen:sim, guide:sim, study:2
2025-10-19 04:05:46, SELF, v:1, k:poo@chinela, rate:100, human:sim, iagen:sim, guide:sim, study:2
2025-10-19 04:05:46, MOVE, v:1, k:poo@chinela, mode:PICK
2025-10-19 04:05:47, EXEC, v:1, k:poo@chinela, mode:LOCK, rate:0
2025-10-19 04:05:48, EXEC, v:1, k:poo@chinela, mode:LOCK, rate:0
2025-10-19 04:05:49, EXEC, v:1, k:poo@chinela, mode:LOCK, rate:0
2025-10-19 04:05:49, MOVE, v:1, k:poo@chinela, mode:BACK
2025-10-19 04:06:23, MOVE, v:1, k:poo@camisa, mode:PICK
2025-10-19 04:06:25, EXEC, v:1, k:poo@camisa, mode:LOCK, rate:100, size:14
2025-10-19 22:20:13, MOVE, v:1, k:poo@camisa, mode:PICK
2025-10-19 22:20:15, EXEC, v:1, k:poo@camisa, mode:LOCK, rate:0, size:20
2025-10-19 22:20:16, EXEC, v:1, k:poo@camisa, mode:LOCK, rate:0
2025-10-19 22:26:45, EXEC, v:1, k:poo@camisa, mode:LOCK, rate:0, size:23
2025-10-19 22:26:47, EXEC, v:1, k:poo@camisa, mode:LOCK, rate:0
2025-10-19 22:28:31, EXEC, v:1, k:poo@camisa, mode:LOCK, rate:0, size:25
2025-10-19 22:28:32, EXEC, v:1, k:poo@camisa, mode:LOCK, rate:0, size:25
2025-10-19 22:36:55, EXEC, v:1, k:poo@camisa, mode:LOCK, rate:0, size:27
2025-10-19 22:36:58, EXEC, v:1, k:poo@camisa, mode:LOCK, rate:0
2025-10-19 22:37:38, EXEC, v:1, k:poo@camisa, mode:LOCK, rate:0, size:27
